<?xml version="1.0" encoding="UTF-8"?>
<coverage generated="1719163504917" clover="3.2.0">
  <project timestamp="1719163504917" name="All files">
    <metrics statements="52" coveredstatements="46" conditionals="16" coveredconditionals="11" methods="25" coveredmethods="22" elements="93" coveredelements="79" complexity="0" loc="52" ncloc="52" packages="2" files="7" classes="7"/>
    <package name="Components">
      <metrics statements="51" coveredstatements="45" conditionals="16" coveredconditionals="11" methods="25" coveredmethods="22"/>
      <file name="Body.js" path="C:\Users\ashish.alichen\Desktop\food-app\src\Components\Body.js">
        <metrics statements="22" coveredstatements="17" conditionals="8" coveredconditionals="6" methods="8" coveredmethods="6"/>
        <line num="9" count="5" type="stmt"/>
        <line num="10" count="5" type="stmt"/>
        <line num="11" count="5" type="stmt"/>
        <line num="12" count="5" type="stmt"/>
        <line num="13" count="5" type="stmt"/>
        <line num="15" count="5" type="stmt"/>
        <line num="16" count="2" type="cond" truecount="2" falsecount="0"/>
        <line num="17" count="1" type="stmt"/>
        <line num="22" count="5" type="cond" truecount="2" falsecount="0"/>
        <line num="23" count="2" type="stmt"/>
        <line num="27" count="3" type="stmt"/>
        <line num="36" count="1" type="stmt"/>
        <line num="37" count="1" type="stmt"/>
        <line num="45" count="1" type="stmt"/>
        <line num="46" count="8" type="stmt"/>
        <line num="48" count="1" type="stmt"/>
        <line num="60" count="0" type="cond" truecount="0" falsecount="2"/>
        <line num="61" count="0" type="stmt"/>
        <line num="62" count="0" type="stmt"/>
        <line num="64" count="0" type="stmt"/>
        <line num="65" count="0" type="stmt"/>
        <line num="79" count="18" type="stmt"/>
      </file>
      <file name="Cart.js" path="C:\Users\ashish.alichen\Desktop\food-app\src\Components\Cart.js">
        <metrics statements="4" coveredstatements="4" conditionals="2" coveredconditionals="2" methods="3" coveredmethods="3"/>
        <line num="7" count="8" type="stmt"/>
        <line num="9" count="4" type="stmt"/>
        <line num="11" count="1" type="stmt"/>
        <line num="14" count="4" type="stmt"/>
      </file>
      <file name="Header.js" path="C:\Users\ashish.alichen\Desktop\food-app\src\Components\Header.js">
        <metrics statements="5" coveredstatements="4" conditionals="2" coveredconditionals="0" methods="3" coveredmethods="2"/>
        <line num="9" count="4" type="stmt"/>
        <line num="10" count="4" type="stmt"/>
        <line num="13" count="8" type="stmt"/>
        <line num="16" count="4" type="stmt"/>
        <line num="39" count="0" type="cond" truecount="0" falsecount="2"/>
      </file>
      <file name="ItemList.js" path="C:\Users\ashish.alichen\Desktop\food-app\src\Components\ItemList.js">
        <metrics statements="5" coveredstatements="5" conditionals="2" coveredconditionals="1" methods="4" coveredmethods="4"/>
        <line num="7" count="6" type="stmt"/>
        <line num="11" count="2" type="stmt"/>
        <line num="14" count="6" type="stmt"/>
        <line num="18" count="26" type="stmt"/>
        <line num="34" count="2" type="stmt"/>
      </file>
      <file name="RestaurantCard.js" path="C:\Users\ashish.alichen\Desktop\food-app\src\Components\RestaurantCard.js">
        <metrics statements="5" coveredstatements="5" conditionals="0" coveredconditionals="0" methods="3" coveredmethods="3"/>
        <line num="4" count="19" type="stmt"/>
        <line num="5" count="19" type="stmt"/>
        <line num="7" count="19" type="stmt"/>
        <line num="25" count="5" type="stmt"/>
        <line num="26" count="4" type="stmt"/>
      </file>
      <file name="RestaurantMenu.js" path="C:\Users\ashish.alichen\Desktop\food-app\src\Components\RestaurantMenu.js">
        <metrics statements="10" coveredstatements="10" conditionals="2" coveredconditionals="2" methods="4" coveredmethods="4"/>
        <line num="9" count="3" type="stmt"/>
        <line num="10" count="3" type="stmt"/>
        <line num="11" count="3" type="stmt"/>
        <line num="13" count="3" type="cond" truecount="2" falsecount="0"/>
        <line num="14" count="1" type="stmt"/>
        <line num="18" count="2" type="stmt"/>
        <line num="24" count="34" type="stmt"/>
        <line num="27" count="2" type="stmt"/>
        <line num="34" count="28" type="stmt"/>
        <line num="38" count="1" type="stmt"/>
      </file>
    </package>
    <package name="Utils">
      <metrics statements="1" coveredstatements="1" conditionals="0" coveredconditionals="0" methods="0" coveredmethods="0"/>
      <file name="appStore.js" path="C:\Users\ashish.alichen\Desktop\food-app\src\Utils\appStore.js">
        <metrics statements="1" coveredstatements="1" conditionals="0" coveredconditionals="0" methods="0" coveredmethods="0"/>
        <line num="5" count="1" type="stmt"/>
      </file>
    </package>
  </project>
</coverage>
