{"C:\\Users\\ashish.alichen\\Desktop\\food-app\\src\\Components\\Body.js": {"path":"C:\\Users\\ashish.alichen\\Desktop\\food-app\\src\\Components\\Body.js","statementMap":{"0":{"start":{"line":9,"column":20},"end":{"line":9,"column":39}},"1":{"start":{"line":10,"column":48},"end":{"line":10,"column":58}},"2":{"start":{"line":11,"column":38},"end":{"line":11,"column":59}},"3":{"start":{"line":12,"column":40},"end":{"line":12,"column":52}},"4":{"start":{"line":13,"column":35},"end":{"line":13,"column":59}},"5":{"start":{"line":15,"column":4},"end":{"line":19,"column":17}},"6":{"start":{"line":16,"column":8},"end":{"line":18,"column":9}},"7":{"start":{"line":17,"column":12},"end":{"line":17,"column":38}},"8":{"start":{"line":22,"column":4},"end":{"line":24,"column":5}},"9":{"start":{"line":23,"column":8},"end":{"line":23,"column":26}},"10":{"start":{"line":27,"column":4},"end":{"line":90,"column":5}},"11":{"start":{"line":35,"column":28},"end":{"line":35,"column":57}},"12":{"start":{"line":36,"column":28},"end":{"line":36,"column":54}},"13":{"start":{"line":44,"column":28},"end":{"line":46,"column":29}},"14":{"start":{"line":45,"column":32},"end":{"line":45,"column":96}},"15":{"start":{"line":47,"column":28},"end":{"line":47,"column":51}},"16":{"start":{"line":59,"column":24},"end":{"line":65,"column":25}},"17":{"start":{"line":60,"column":28},"end":{"line":60,"column":56}},"18":{"start":{"line":61,"column":28},"end":{"line":61,"column":101}},"19":{"start":{"line":61,"column":75},"end":{"line":61,"column":99}},"20":{"start":{"line":63,"column":28},"end":{"line":63,"column":53}},"21":{"start":{"line":64,"column":28},"end":{"line":64,"column":54}},"22":{"start":{"line":78,"column":24},"end":{"line":85,"column":31}}},"fnMap":{"0":{"name":"Body","decl":{"start":{"line":8,"column":24},"end":{"line":8,"column":28}},"loc":{"start":{"line":8,"column":31},"end":{"line":91,"column":1}},"line":8},"1":{"name":"(anonymous_1)","decl":{"start":{"line":15,"column":14},"end":{"line":15,"column":15}},"loc":{"start":{"line":15,"column":20},"end":{"line":19,"column":5}},"line":15},"2":{"name":"(anonymous_2)","decl":{"start":{"line":34,"column":34},"end":{"line":34,"column":35}},"loc":{"start":{"line":34,"column":41},"end":{"line":37,"column":25}},"line":34},"3":{"name":"(anonymous_3)","decl":{"start":{"line":43,"column":33},"end":{"line":43,"column":34}},"loc":{"start":{"line":43,"column":39},"end":{"line":48,"column":25}},"line":43},"4":{"name":"(anonymous_4)","decl":{"start":{"line":44,"column":68},"end":{"line":44,"column":69}},"loc":{"start":{"line":45,"column":32},"end":{"line":45,"column":96}},"line":45},"5":{"name":"(anonymous_5)","decl":{"start":{"line":58,"column":29},"end":{"line":58,"column":30}},"loc":{"start":{"line":58,"column":35},"end":{"line":66,"column":21}},"line":58},"6":{"name":"(anonymous_6)","decl":{"start":{"line":61,"column":68},"end":{"line":61,"column":69}},"loc":{"start":{"line":61,"column":75},"end":{"line":61,"column":99}},"line":61},"7":{"name":"(anonymous_7)","decl":{"start":{"line":77,"column":39},"end":{"line":77,"column":40}},"loc":{"start":{"line":78,"column":24},"end":{"line":85,"column":31}},"line":78}},"branchMap":{"0":{"loc":{"start":{"line":16,"column":8},"end":{"line":18,"column":9}},"type":"if","locations":[{"start":{"line":16,"column":8},"end":{"line":18,"column":9}},{"start":{},"end":{}}],"line":16},"1":{"loc":{"start":{"line":22,"column":4},"end":{"line":24,"column":5}},"type":"if","locations":[{"start":{"line":22,"column":4},"end":{"line":24,"column":5}},{"start":{},"end":{}}],"line":22},"2":{"loc":{"start":{"line":59,"column":24},"end":{"line":65,"column":25}},"type":"if","locations":[{"start":{"line":59,"column":24},"end":{"line":65,"column":25}},{"start":{"line":62,"column":31},"end":{"line":65,"column":25}}],"line":59},"3":{"loc":{"start":{"line":83,"column":32},"end":{"line":83,"column":136}},"type":"cond-expr","locations":[{"start":{"line":83,"column":62},"end":{"line":83,"column":100}},{"start":{"line":83,"column":105},"end":{"line":83,"column":135}}],"line":83}},"s":{"0":2,"1":1,"2":1,"3":1,"4":1,"5":1,"6":1,"7":0,"8":1,"9":1,"10":0,"11":0,"12":0,"13":0,"14":0,"15":0,"16":0,"17":0,"18":0,"19":0,"20":0,"21":0,"22":0},"f":{"0":2,"1":1,"2":0,"3":0,"4":0,"5":0,"6":0,"7":0},"b":{"0":[0,1],"1":[1,0],"2":[0,0],"3":[0,0]},"_coverageSchema":"1a1c01bbd47fc00a2c39e90264f33305004495a9","hash":"76286c3b4180cca23a42d0aadb51d4665725af16"}
,"C:\\Users\\ashish.alichen\\Desktop\\food-app\\src\\Components\\Contact.js": {"path":"C:\\Users\\ashish.alichen\\Desktop\\food-app\\src\\Components\\Contact.js","statementMap":{"0":{"start":{"line":2,"column":4},"end":{"line":11,"column":5}}},"fnMap":{"0":{"name":"(anonymous_0)","decl":{"start":{"line":1,"column":15},"end":{"line":1,"column":16}},"loc":{"start":{"line":1,"column":27},"end":{"line":12,"column":1}},"line":1}},"branchMap":{},"s":{"0":4},"f":{"0":4},"b":{},"_coverageSchema":"1a1c01bbd47fc00a2c39e90264f33305004495a9","hash":"20b6c7bf74f32ee70ce8c528c68a6203df00ca52"}
,"C:\\Users\\ashish.alichen\\Desktop\\food-app\\src\\Components\\Header.js": {"path":"C:\\Users\\ashish.alichen\\Desktop\\food-app\\src\\Components\\Header.js","statementMap":{"0":{"start":{"line":9,"column":17},"end":{"line":9,"column":40}},"1":{"start":{"line":10,"column":39},"end":{"line":10,"column":56}},"2":{"start":{"line":13,"column":22},"end":{"line":13,"column":62}},"3":{"start":{"line":13,"column":45},"end":{"line":13,"column":61}},"4":{"start":{"line":16,"column":4},"end":{"line":44,"column":5}},"5":{"start":{"line":39,"column":47},"end":{"line":39,"column":103}}},"fnMap":{"0":{"name":"Header","decl":{"start":{"line":7,"column":24},"end":{"line":7,"column":30}},"loc":{"start":{"line":7,"column":33},"end":{"line":45,"column":1}},"line":7},"1":{"name":"(anonymous_1)","decl":{"start":{"line":13,"column":34},"end":{"line":13,"column":35}},"loc":{"start":{"line":13,"column":45},"end":{"line":13,"column":61}},"line":13},"2":{"name":"(anonymous_2)","decl":{"start":{"line":39,"column":41},"end":{"line":39,"column":42}},"loc":{"start":{"line":39,"column":47},"end":{"line":39,"column":103}},"line":39}},"branchMap":{"0":{"loc":{"start":{"line":39,"column":62},"end":{"line":39,"column":102}},"type":"cond-expr","locations":[{"start":{"line":39,"column":84},"end":{"line":39,"column":92}},{"start":{"line":39,"column":95},"end":{"line":39,"column":102}}],"line":39}},"s":{"0":3,"1":3,"2":3,"3":5,"4":3,"5":1},"f":{"0":3,"1":5,"2":1},"b":{"0":[1,0]},"_coverageSchema":"1a1c01bbd47fc00a2c39e90264f33305004495a9","hash":"982d79d345fcf57a6208fb5d7ef8c825ee5ba769"}
,"C:\\Users\\ashish.alichen\\Desktop\\food-app\\src\\Components\\RestaurantCard.js": {"path":"C:\\Users\\ashish.alichen\\Desktop\\food-app\\src\\Components\\RestaurantCard.js","statementMap":{"0":{"start":{"line":4,"column":66},"end":{"line":4,"column":77}},"1":{"start":{"line":5,"column":4},"end":{"line":5,"column":22}},"2":{"start":{"line":7,"column":4},"end":{"line":19,"column":5}},"3":{"start":{"line":25,"column":4},"end":{"line":32,"column":5}},"4":{"start":{"line":26,"column":8},"end":{"line":31,"column":9}}},"fnMap":{"0":{"name":"RestaurantCard","decl":{"start":{"line":3,"column":24},"end":{"line":3,"column":38}},"loc":{"start":{"line":3,"column":50},"end":{"line":20,"column":1}},"line":3},"1":{"name":"TopRated","decl":{"start":{"line":24,"column":16},"end":{"line":24,"column":24}},"loc":{"start":{"line":24,"column":41},"end":{"line":33,"column":1}},"line":24},"2":{"name":"(anonymous_2)","decl":{"start":{"line":25,"column":11},"end":{"line":25,"column":12}},"loc":{"start":{"line":25,"column":28},"end":{"line":32,"column":5}},"line":25}},"branchMap":{},"s":{"0":1,"1":1,"2":1,"3":1,"4":0},"f":{"0":1,"1":1,"2":0},"b":{},"_coverageSchema":"1a1c01bbd47fc00a2c39e90264f33305004495a9","hash":"3ada87201e917cad93708b830a34049abe64fd84"}
,"C:\\Users\\ashish.alichen\\Desktop\\food-app\\src\\Components\\Shimmer.js": {"path":"C:\\Users\\ashish.alichen\\Desktop\\food-app\\src\\Components\\Shimmer.js","statementMap":{"0":{"start":{"line":2,"column":4},"end":{"line":14,"column":5}},"1":{"start":{"line":18,"column":4},"end":{"line":31,"column":5}}},"fnMap":{"0":{"name":"ShimmerCard","decl":{"start":{"line":1,"column":9},"end":{"line":1,"column":20}},"loc":{"start":{"line":1,"column":23},"end":{"line":15,"column":1}},"line":1},"1":{"name":"Shimmer","decl":{"start":{"line":17,"column":24},"end":{"line":17,"column":31}},"loc":{"start":{"line":17,"column":34},"end":{"line":32,"column":1}},"line":17}},"branchMap":{},"s":{"0":10,"1":1},"f":{"0":10,"1":1},"b":{},"_coverageSchema":"1a1c01bbd47fc00a2c39e90264f33305004495a9","hash":"dd9512e8de3c98939f674f14e147d961b1e19b9f"}
,"C:\\Users\\ashish.alichen\\Desktop\\food-app\\src\\Components\\sum.js": {"path":"C:\\Users\\ashish.alichen\\Desktop\\food-app\\src\\Components\\sum.js","statementMap":{"0":{"start":{"line":2,"column":4},"end":{"line":2,"column":17}}},"fnMap":{"0":{"name":"sum","decl":{"start":{"line":1,"column":16},"end":{"line":1,"column":19}},"loc":{"start":{"line":1,"column":26},"end":{"line":3,"column":1}},"line":1}},"branchMap":{},"s":{"0":1},"f":{"0":1},"b":{},"_coverageSchema":"1a1c01bbd47fc00a2c39e90264f33305004495a9","hash":"1011f56b42be35f04dd35221987bfba25b57adf9"}
,"C:\\Users\\ashish.alichen\\Desktop\\food-app\\src\\Utils\\UserContext.js": {"path":"C:\\Users\\ashish.alichen\\Desktop\\food-app\\src\\Utils\\UserContext.js","statementMap":{"0":{"start":{"line":3,"column":20},"end":{"line":5,"column":2}}},"fnMap":{},"branchMap":{},"s":{"0":1},"f":{},"b":{},"_coverageSchema":"1a1c01bbd47fc00a2c39e90264f33305004495a9","hash":"026a9bdf1e156c9973532e108bcf9ce5897653c4"}
,"C:\\Users\\ashish.alichen\\Desktop\\food-app\\src\\Utils\\appStore.js": {"path":"C:\\Users\\ashish.alichen\\Desktop\\food-app\\src\\Utils\\appStore.js","statementMap":{"0":{"start":{"line":5,"column":17},"end":{"line":9,"column":2}}},"fnMap":{},"branchMap":{},"s":{"0":1},"f":{},"b":{},"_coverageSchema":"1a1c01bbd47fc00a2c39e90264f33305004495a9","hash":"9124e1477aabebdd20722ac2b083688b091d945c"}
,"C:\\Users\\ashish.alichen\\Desktop\\food-app\\src\\Utils\\cartSlice.js": {"path":"C:\\Users\\ashish.alichen\\Desktop\\food-app\\src\\Utils\\cartSlice.js","statementMap":{"0":{"start":{"line":4,"column":18},"end":{"line":23,"column":2}},"1":{"start":{"line":11,"column":12},"end":{"line":11,"column":44}},"2":{"start":{"line":14,"column":12},"end":{"line":14,"column":29}},"3":{"start":{"line":18,"column":12},"end":{"line":18,"column":34}},"4":{"start":{"line":25,"column":52},"end":{"line":25,"column":69}}},"fnMap":{"0":{"name":"(anonymous_0)","decl":{"start":{"line":10,"column":18},"end":{"line":10,"column":19}},"loc":{"start":{"line":10,"column":37},"end":{"line":12,"column":9}},"line":10},"1":{"name":"(anonymous_1)","decl":{"start":{"line":13,"column":21},"end":{"line":13,"column":22}},"loc":{"start":{"line":13,"column":40},"end":{"line":15,"column":9}},"line":13},"2":{"name":"(anonymous_2)","decl":{"start":{"line":16,"column":19},"end":{"line":16,"column":20}},"loc":{"start":{"line":16,"column":30},"end":{"line":21,"column":9}},"line":16}},"branchMap":{},"s":{"0":1,"1":0,"2":0,"3":0,"4":1},"f":{"0":0,"1":0,"2":0},"b":{},"_coverageSchema":"1a1c01bbd47fc00a2c39e90264f33305004495a9","hash":"2eafd795307958be1ec839db16423493f485e31d"}
,"C:\\Users\\ashish.alichen\\Desktop\\food-app\\src\\Utils\\constant.js": {"path":"C:\\Users\\ashish.alichen\\Desktop\\food-app\\src\\Utils\\constant.js","statementMap":{"0":{"start":{"line":2,"column":23},"end":{"line":2,"column":106}},"1":{"start":{"line":4,"column":24},"end":{"line":4,"column":81}},"2":{"start":{"line":6,"column":23},"end":{"line":6,"column":157}},"3":{"start":{"line":10,"column":24},"end":{"line":10,"column":143}}},"fnMap":{},"branchMap":{},"s":{"0":3,"1":3,"2":3,"3":3},"f":{},"b":{},"_coverageSchema":"1a1c01bbd47fc00a2c39e90264f33305004495a9","hash":"a09cd2202a649320a809e10df972a7095d2ffef4"}
,"C:\\Users\\ashish.alichen\\Desktop\\food-app\\src\\Utils\\useRestaurantList.js": {"path":"C:\\Users\\ashish.alichen\\Desktop\\food-app\\src\\Utils\\useRestaurantList.js","statementMap":{"0":{"start":{"line":5,"column":35},"end":{"line":5,"column":49}},"1":{"start":{"line":7,"column":4},"end":{"line":9,"column":10}},"2":{"start":{"line":8,"column":8},"end":{"line":8,"column":25}},"3":{"start":{"line":12,"column":21},"end":{"line":12,"column":41}},"4":{"start":{"line":13,"column":21},"end":{"line":13,"column":38}},"5":{"start":{"line":19,"column":31},"end":{"line":19,"column":105}},"6":{"start":{"line":21,"column":8},"end":{"line":21,"column":35}},"7":{"start":{"line":26,"column":4},"end":{"line":26,"column":18}}},"fnMap":{"0":{"name":"useRestaurantList","decl":{"start":{"line":4,"column":24},"end":{"line":4,"column":41}},"loc":{"start":{"line":4,"column":44},"end":{"line":27,"column":1}},"line":4},"1":{"name":"(anonymous_1)","decl":{"start":{"line":7,"column":14},"end":{"line":7,"column":15}},"loc":{"start":{"line":7,"column":20},"end":{"line":9,"column":5}},"line":7},"2":{"name":"fetchRestaurant","decl":{"start":{"line":11,"column":19},"end":{"line":11,"column":34}},"loc":{"start":{"line":11,"column":37},"end":{"line":24,"column":5}},"line":11}},"branchMap":{},"s":{"0":2,"1":1,"2":1,"3":1,"4":1,"5":1,"6":1,"7":1},"f":{"0":2,"1":1,"2":1},"b":{},"_coverageSchema":"1a1c01bbd47fc00a2c39e90264f33305004495a9","hash":"40e61ff6c49d0e936d42fa46842fda38f44fc191"}
,"C:\\Users\\ashish.alichen\\Desktop\\food-app\\src\\Utils\\useRestaurantMenu.js": {"path":"C:\\Users\\ashish.alichen\\Desktop\\food-app\\src\\Utils\\useRestaurantMenu.js","statementMap":{"0":{"start":{"line":5,"column":34},"end":{"line":5,"column":48}},"1":{"start":{"line":6,"column":4},"end":{"line":8,"column":10}},"2":{"start":{"line":7,"column":8},"end":{"line":7,"column":19}},"3":{"start":{"line":11,"column":21},"end":{"line":11,"column":50}},"4":{"start":{"line":12,"column":21},"end":{"line":12,"column":38}},"5":{"start":{"line":15,"column":8},"end":{"line":15,"column":30}},"6":{"start":{"line":18,"column":4},"end":{"line":18,"column":18}}},"fnMap":{"0":{"name":"useRestaurantMenu","decl":{"start":{"line":4,"column":24},"end":{"line":4,"column":41}},"loc":{"start":{"line":4,"column":49},"end":{"line":19,"column":1}},"line":4},"1":{"name":"(anonymous_1)","decl":{"start":{"line":6,"column":14},"end":{"line":6,"column":15}},"loc":{"start":{"line":6,"column":20},"end":{"line":8,"column":5}},"line":6},"2":{"name":"fetchMenu","decl":{"start":{"line":10,"column":19},"end":{"line":10,"column":28}},"loc":{"start":{"line":10,"column":31},"end":{"line":16,"column":5}},"line":10}},"branchMap":{},"s":{"0":0,"1":0,"2":0,"3":0,"4":0,"5":0,"6":0},"f":{"0":0,"1":0,"2":0},"b":{},"_coverageSchema":"1a1c01bbd47fc00a2c39e90264f33305004495a9","hash":"5ddb6ee49a94a484ba13dbdab44df84d6121e11e"}
}
