{"C:\\Users\\ashish.alichen\\Desktop\\food-app\\src\\Components\\Body.js": {"path":"C:\\Users\\ashish.alichen\\Desktop\\food-app\\src\\Components\\Body.js","statementMap":{"0":{"start":{"line":9,"column":20},"end":{"line":9,"column":39}},"1":{"start":{"line":10,"column":48},"end":{"line":10,"column":58}},"2":{"start":{"line":11,"column":38},"end":{"line":11,"column":59}},"3":{"start":{"line":12,"column":40},"end":{"line":12,"column":52}},"4":{"start":{"line":13,"column":35},"end":{"line":13,"column":59}},"5":{"start":{"line":15,"column":4},"end":{"line":19,"column":17}},"6":{"start":{"line":16,"column":8},"end":{"line":18,"column":9}},"7":{"start":{"line":17,"column":12},"end":{"line":17,"column":38}},"8":{"start":{"line":22,"column":4},"end":{"line":24,"column":5}},"9":{"start":{"line":23,"column":8},"end":{"line":23,"column":26}},"10":{"start":{"line":27,"column":4},"end":{"line":91,"column":5}},"11":{"start":{"line":36,"column":28},"end":{"line":36,"column":57}},"12":{"start":{"line":37,"column":28},"end":{"line":37,"column":54}},"13":{"start":{"line":45,"column":28},"end":{"line":47,"column":29}},"14":{"start":{"line":46,"column":32},"end":{"line":46,"column":96}},"15":{"start":{"line":48,"column":28},"end":{"line":48,"column":51}},"16":{"start":{"line":60,"column":24},"end":{"line":66,"column":25}},"17":{"start":{"line":61,"column":28},"end":{"line":61,"column":56}},"18":{"start":{"line":62,"column":28},"end":{"line":62,"column":101}},"19":{"start":{"line":62,"column":75},"end":{"line":62,"column":99}},"20":{"start":{"line":64,"column":28},"end":{"line":64,"column":53}},"21":{"start":{"line":65,"column":28},"end":{"line":65,"column":54}},"22":{"start":{"line":79,"column":24},"end":{"line":86,"column":31}}},"fnMap":{"0":{"name":"Body","decl":{"start":{"line":8,"column":24},"end":{"line":8,"column":28}},"loc":{"start":{"line":8,"column":31},"end":{"line":92,"column":1}},"line":8},"1":{"name":"(anonymous_1)","decl":{"start":{"line":15,"column":14},"end":{"line":15,"column":15}},"loc":{"start":{"line":15,"column":20},"end":{"line":19,"column":5}},"line":15},"2":{"name":"(anonymous_2)","decl":{"start":{"line":35,"column":34},"end":{"line":35,"column":35}},"loc":{"start":{"line":35,"column":41},"end":{"line":38,"column":25}},"line":35},"3":{"name":"(anonymous_3)","decl":{"start":{"line":44,"column":33},"end":{"line":44,"column":34}},"loc":{"start":{"line":44,"column":39},"end":{"line":49,"column":25}},"line":44},"4":{"name":"(anonymous_4)","decl":{"start":{"line":45,"column":68},"end":{"line":45,"column":69}},"loc":{"start":{"line":46,"column":32},"end":{"line":46,"column":96}},"line":46},"5":{"name":"(anonymous_5)","decl":{"start":{"line":59,"column":29},"end":{"line":59,"column":30}},"loc":{"start":{"line":59,"column":35},"end":{"line":67,"column":21}},"line":59},"6":{"name":"(anonymous_6)","decl":{"start":{"line":62,"column":68},"end":{"line":62,"column":69}},"loc":{"start":{"line":62,"column":75},"end":{"line":62,"column":99}},"line":62},"7":{"name":"(anonymous_7)","decl":{"start":{"line":78,"column":39},"end":{"line":78,"column":40}},"loc":{"start":{"line":79,"column":24},"end":{"line":86,"column":31}},"line":79}},"branchMap":{"0":{"loc":{"start":{"line":16,"column":8},"end":{"line":18,"column":9}},"type":"if","locations":[{"start":{"line":16,"column":8},"end":{"line":18,"column":9}},{"start":{},"end":{}}],"line":16},"1":{"loc":{"start":{"line":22,"column":4},"end":{"line":24,"column":5}},"type":"if","locations":[{"start":{"line":22,"column":4},"end":{"line":24,"column":5}},{"start":{},"end":{}}],"line":22},"2":{"loc":{"start":{"line":60,"column":24},"end":{"line":66,"column":25}},"type":"if","locations":[{"start":{"line":60,"column":24},"end":{"line":66,"column":25}},{"start":{"line":63,"column":31},"end":{"line":66,"column":25}}],"line":60},"3":{"loc":{"start":{"line":84,"column":32},"end":{"line":84,"column":136}},"type":"cond-expr","locations":[{"start":{"line":84,"column":62},"end":{"line":84,"column":100}},{"start":{"line":84,"column":105},"end":{"line":84,"column":135}}],"line":84}},"s":{"0":5,"1":5,"2":5,"3":5,"4":5,"5":5,"6":2,"7":1,"8":5,"9":2,"10":3,"11":1,"12":1,"13":1,"14":8,"15":1,"16":0,"17":0,"18":0,"19":0,"20":0,"21":0,"22":18},"f":{"0":5,"1":2,"2":1,"3":1,"4":8,"5":0,"6":0,"7":18},"b":{"0":[1,1],"1":[2,3],"2":[0,0],"3":[4,14]},"_coverageSchema":"1a1c01bbd47fc00a2c39e90264f33305004495a9","hash":"2ad2fed51433ea01cdf5df7535187535ed678d8b"}
,"C:\\Users\\ashish.alichen\\Desktop\\food-app\\src\\Components\\Cart.js": {"path":"C:\\Users\\ashish.alichen\\Desktop\\food-app\\src\\Components\\Cart.js","statementMap":{"0":{"start":{"line":7,"column":22},"end":{"line":7,"column":62}},"1":{"start":{"line":7,"column":45},"end":{"line":7,"column":61}},"2":{"start":{"line":9,"column":21},"end":{"line":9,"column":34}},"3":{"start":{"line":11,"column":8},"end":{"line":11,"column":29}},"4":{"start":{"line":14,"column":4},"end":{"line":24,"column":10}}},"fnMap":{"0":{"name":"Cart","decl":{"start":{"line":5,"column":24},"end":{"line":5,"column":28}},"loc":{"start":{"line":5,"column":31},"end":{"line":25,"column":1}},"line":5},"1":{"name":"(anonymous_1)","decl":{"start":{"line":7,"column":34},"end":{"line":7,"column":35}},"loc":{"start":{"line":7,"column":45},"end":{"line":7,"column":61}},"line":7},"2":{"name":"handleClearCart","decl":{"start":{"line":10,"column":13},"end":{"line":10,"column":28}},"loc":{"start":{"line":10,"column":31},"end":{"line":12,"column":5}},"line":10}},"branchMap":{"0":{"loc":{"start":{"line":18,"column":16},"end":{"line":20,"column":36}},"type":"cond-expr","locations":[{"start":{"line":18,"column":41},"end":{"line":18,"column":75}},{"start":{"line":18,"column":78},"end":{"line":20,"column":36}}],"line":18}},"s":{"0":4,"1":8,"2":4,"3":1,"4":4},"f":{"0":4,"1":8,"2":1},"b":{"0":[2,2]},"_coverageSchema":"1a1c01bbd47fc00a2c39e90264f33305004495a9","hash":"4161c2957596dcbba15f548d7f28309da1f43307"}
,"C:\\Users\\ashish.alichen\\Desktop\\food-app\\src\\Components\\Header.js": {"path":"C:\\Users\\ashish.alichen\\Desktop\\food-app\\src\\Components\\Header.js","statementMap":{"0":{"start":{"line":9,"column":17},"end":{"line":9,"column":40}},"1":{"start":{"line":10,"column":39},"end":{"line":10,"column":56}},"2":{"start":{"line":13,"column":22},"end":{"line":13,"column":62}},"3":{"start":{"line":13,"column":45},"end":{"line":13,"column":61}},"4":{"start":{"line":16,"column":4},"end":{"line":44,"column":5}},"5":{"start":{"line":39,"column":47},"end":{"line":39,"column":103}}},"fnMap":{"0":{"name":"Header","decl":{"start":{"line":7,"column":24},"end":{"line":7,"column":30}},"loc":{"start":{"line":7,"column":33},"end":{"line":45,"column":1}},"line":7},"1":{"name":"(anonymous_1)","decl":{"start":{"line":13,"column":34},"end":{"line":13,"column":35}},"loc":{"start":{"line":13,"column":45},"end":{"line":13,"column":61}},"line":13},"2":{"name":"(anonymous_2)","decl":{"start":{"line":39,"column":41},"end":{"line":39,"column":42}},"loc":{"start":{"line":39,"column":47},"end":{"line":39,"column":103}},"line":39}},"branchMap":{"0":{"loc":{"start":{"line":39,"column":62},"end":{"line":39,"column":102}},"type":"cond-expr","locations":[{"start":{"line":39,"column":84},"end":{"line":39,"column":92}},{"start":{"line":39,"column":95},"end":{"line":39,"column":102}}],"line":39}},"s":{"0":4,"1":4,"2":4,"3":8,"4":4,"5":0},"f":{"0":4,"1":8,"2":0},"b":{"0":[0,0]},"_coverageSchema":"1a1c01bbd47fc00a2c39e90264f33305004495a9","hash":"982d79d345fcf57a6208fb5d7ef8c825ee5ba769"}
,"C:\\Users\\ashish.alichen\\Desktop\\food-app\\src\\Components\\ItemList.js": {"path":"C:\\Users\\ashish.alichen\\Desktop\\food-app\\src\\Components\\ItemList.js","statementMap":{"0":{"start":{"line":7,"column":21},"end":{"line":7,"column":34}},"1":{"start":{"line":11,"column":8},"end":{"line":11,"column":32}},"2":{"start":{"line":14,"column":4},"end":{"line":42,"column":5}},"3":{"start":{"line":18,"column":20},"end":{"line":38,"column":26}},"4":{"start":{"line":34,"column":47},"end":{"line":34,"column":66}}},"fnMap":{"0":{"name":"ItemList","decl":{"start":{"line":5,"column":24},"end":{"line":5,"column":32}},"loc":{"start":{"line":5,"column":44},"end":{"line":43,"column":1}},"line":5},"1":{"name":"handleAddItem","decl":{"start":{"line":9,"column":13},"end":{"line":9,"column":26}},"loc":{"start":{"line":9,"column":33},"end":{"line":12,"column":5}},"line":9},"2":{"name":"(anonymous_2)","decl":{"start":{"line":17,"column":26},"end":{"line":17,"column":27}},"loc":{"start":{"line":18,"column":20},"end":{"line":38,"column":26}},"line":18},"3":{"name":"(anonymous_3)","decl":{"start":{"line":34,"column":41},"end":{"line":34,"column":42}},"loc":{"start":{"line":34,"column":47},"end":{"line":34,"column":66}},"line":34}},"branchMap":{"0":{"loc":{"start":{"line":24,"column":55},"end":{"line":24,"column":149}},"type":"cond-expr","locations":[{"start":{"line":24,"column":81},"end":{"line":24,"column":110}},{"start":{"line":24,"column":113},"end":{"line":24,"column":149}}],"line":24}},"s":{"0":6,"1":2,"2":6,"3":26,"4":2},"f":{"0":6,"1":2,"2":26,"3":2},"b":{"0":[26,0]},"_coverageSchema":"1a1c01bbd47fc00a2c39e90264f33305004495a9","hash":"a99bc20751b56b30763e6a4bd10899c7dc974486"}
,"C:\\Users\\ashish.alichen\\Desktop\\food-app\\src\\Components\\RestaurantCard.js": {"path":"C:\\Users\\ashish.alichen\\Desktop\\food-app\\src\\Components\\RestaurantCard.js","statementMap":{"0":{"start":{"line":4,"column":66},"end":{"line":4,"column":77}},"1":{"start":{"line":5,"column":4},"end":{"line":5,"column":22}},"2":{"start":{"line":7,"column":4},"end":{"line":19,"column":5}},"3":{"start":{"line":25,"column":4},"end":{"line":32,"column":5}},"4":{"start":{"line":26,"column":8},"end":{"line":31,"column":9}}},"fnMap":{"0":{"name":"RestaurantCard","decl":{"start":{"line":3,"column":24},"end":{"line":3,"column":38}},"loc":{"start":{"line":3,"column":50},"end":{"line":20,"column":1}},"line":3},"1":{"name":"TopRated","decl":{"start":{"line":24,"column":16},"end":{"line":24,"column":24}},"loc":{"start":{"line":24,"column":41},"end":{"line":33,"column":1}},"line":24},"2":{"name":"(anonymous_2)","decl":{"start":{"line":25,"column":11},"end":{"line":25,"column":12}},"loc":{"start":{"line":25,"column":28},"end":{"line":32,"column":5}},"line":25}},"branchMap":{},"s":{"0":19,"1":19,"2":19,"3":5,"4":4},"f":{"0":19,"1":5,"2":4},"b":{},"_coverageSchema":"1a1c01bbd47fc00a2c39e90264f33305004495a9","hash":"3ada87201e917cad93708b830a34049abe64fd84"}
,"C:\\Users\\ashish.alichen\\Desktop\\food-app\\src\\Components\\RestaurantMenu.js": {"path":"C:\\Users\\ashish.alichen\\Desktop\\food-app\\src\\Components\\RestaurantMenu.js","statementMap":{"0":{"start":{"line":9,"column":22},"end":{"line":9,"column":33}},"1":{"start":{"line":10,"column":20},"end":{"line":10,"column":44}},"2":{"start":{"line":11,"column":38},"end":{"line":11,"column":49}},"3":{"start":{"line":13,"column":4},"end":{"line":15,"column":5}},"4":{"start":{"line":14,"column":8},"end":{"line":14,"column":26}},"5":{"start":{"line":18,"column":43},"end":{"line":18,"column":78}},"6":{"start":{"line":24,"column":23},"end":{"line":24,"column":201}},"7":{"start":{"line":24,"column":102},"end":{"line":24,"column":200}},"8":{"start":{"line":27,"column":4},"end":{"line":42,"column":5}},"9":{"start":{"line":34,"column":52},"end":{"line":39,"column":18}},"10":{"start":{"line":38,"column":40},"end":{"line":38,"column":59}}},"fnMap":{"0":{"name":"RestaurantMenu","decl":{"start":{"line":7,"column":24},"end":{"line":7,"column":38}},"loc":{"start":{"line":7,"column":41},"end":{"line":43,"column":1}},"line":7},"1":{"name":"(anonymous_1)","decl":{"start":{"line":24,"column":90},"end":{"line":24,"column":91}},"loc":{"start":{"line":24,"column":102},"end":{"line":24,"column":200}},"line":24},"2":{"name":"(anonymous_2)","decl":{"start":{"line":34,"column":31},"end":{"line":34,"column":32}},"loc":{"start":{"line":34,"column":52},"end":{"line":39,"column":18}},"line":34},"3":{"name":"(anonymous_3)","decl":{"start":{"line":38,"column":34},"end":{"line":38,"column":35}},"loc":{"start":{"line":38,"column":40},"end":{"line":38,"column":59}},"line":38}},"branchMap":{"0":{"loc":{"start":{"line":13,"column":4},"end":{"line":15,"column":5}},"type":"if","locations":[{"start":{"line":13,"column":4},"end":{"line":15,"column":5}},{"start":{},"end":{}}],"line":13}},"s":{"0":3,"1":3,"2":3,"3":3,"4":1,"5":2,"6":2,"7":34,"8":2,"9":28,"10":1},"f":{"0":3,"1":34,"2":28,"3":1},"b":{"0":[1,2]},"_coverageSchema":"1a1c01bbd47fc00a2c39e90264f33305004495a9","hash":"2f18afc8c14c4eaf7518c86d1d5f178913e289f2"}
,"C:\\Users\\ashish.alichen\\Desktop\\food-app\\src\\Utils\\appStore.js": {"path":"C:\\Users\\ashish.alichen\\Desktop\\food-app\\src\\Utils\\appStore.js","statementMap":{"0":{"start":{"line":5,"column":17},"end":{"line":9,"column":2}}},"fnMap":{},"branchMap":{},"s":{"0":1},"f":{},"b":{},"_coverageSchema":"1a1c01bbd47fc00a2c39e90264f33305004495a9","hash":"9124e1477aabebdd20722ac2b083688b091d945c"}
}
