TN:
SF:src\Components\Body.js
FN:8,Body
FN:15,(anonymous_1)
FN:35,(anonymous_2)
FN:44,(anonymous_3)
FN:45,(anonymous_4)
FN:59,(anonymous_5)
FN:62,(anonymous_6)
FN:78,(anonymous_7)
FNF:8
FNH:6
FNDA:5,Body
FNDA:2,(anonymous_1)
FNDA:1,(anonymous_2)
FNDA:1,(anonymous_3)
FNDA:8,(anonymous_4)
FNDA:0,(anonymous_5)
FNDA:0,(anonymous_6)
FNDA:18,(anonymous_7)
DA:9,5
DA:10,5
DA:11,5
DA:12,5
DA:13,5
DA:15,5
DA:16,2
DA:17,1
DA:22,5
DA:23,2
DA:27,3
DA:36,1
DA:37,1
DA:45,1
DA:46,8
DA:48,1
DA:60,0
DA:61,0
DA:62,0
DA:64,0
DA:65,0
DA:79,18
LF:22
LH:17
BRDA:16,0,0,1
BRDA:16,0,1,1
BRDA:22,1,0,2
BRDA:22,1,1,3
BRDA:60,2,0,0
BRDA:60,2,1,0
BRDA:84,3,0,4
BRDA:84,3,1,14
BRF:8
BRH:6
end_of_record
TN:
SF:src\Components\Cart.js
FN:5,Cart
FN:7,(anonymous_1)
FN:10,handleClearCart
FNF:3
FNH:3
FNDA:4,Cart
FNDA:8,(anonymous_1)
FNDA:1,handleClearCart
DA:7,8
DA:9,4
DA:11,1
DA:14,4
LF:4
LH:4
BRDA:18,0,0,2
BRDA:18,0,1,2
BRF:2
BRH:2
end_of_record
TN:
SF:src\Components\Header.js
FN:7,Header
FN:13,(anonymous_1)
FN:39,(anonymous_2)
FNF:3
FNH:2
FNDA:4,Header
FNDA:8,(anonymous_1)
FNDA:0,(anonymous_2)
DA:9,4
DA:10,4
DA:13,8
DA:16,4
DA:39,0
LF:5
LH:4
BRDA:39,0,0,0
BRDA:39,0,1,0
BRF:2
BRH:0
end_of_record
TN:
SF:src\Components\ItemList.js
FN:5,ItemList
FN:9,handleAddItem
FN:17,(anonymous_2)
FN:34,(anonymous_3)
FNF:4
FNH:4
FNDA:6,ItemList
FNDA:2,handleAddItem
FNDA:26,(anonymous_2)
FNDA:2,(anonymous_3)
DA:7,6
DA:11,2
DA:14,6
DA:18,26
DA:34,2
LF:5
LH:5
BRDA:24,0,0,26
BRDA:24,0,1,0
BRF:2
BRH:1
end_of_record
TN:
SF:src\Components\RestaurantCard.js
FN:3,RestaurantCard
FN:24,TopRated
FN:25,(anonymous_2)
FNF:3
FNH:3
FNDA:19,RestaurantCard
FNDA:5,TopRated
FNDA:4,(anonymous_2)
DA:4,19
DA:5,19
DA:7,19
DA:25,5
DA:26,4
LF:5
LH:5
BRF:0
BRH:0
end_of_record
TN:
SF:src\Components\RestaurantMenu.js
FN:7,RestaurantMenu
FN:24,(anonymous_1)
FN:34,(anonymous_2)
FN:38,(anonymous_3)
FNF:4
FNH:4
FNDA:3,RestaurantMenu
FNDA:34,(anonymous_1)
FNDA:28,(anonymous_2)
FNDA:1,(anonymous_3)
DA:9,3
DA:10,3
DA:11,3
DA:13,3
DA:14,1
DA:18,2
DA:24,34
DA:27,2
DA:34,28
DA:38,1
LF:10
LH:10
BRDA:13,0,0,1
BRDA:13,0,1,2
BRF:2
BRH:2
end_of_record
TN:
SF:src\Utils\appStore.js
FNF:0
FNH:0
DA:5,1
LF:1
LH:1
BRF:0
BRH:0
end_of_record
