TN:
SF:src\Components\Body.js
FN:8,Body
FN:15,(anonymous_1)
FN:34,(anonymous_2)
FN:43,(anonymous_3)
FN:44,(anonymous_4)
FN:58,(anonymous_5)
FN:61,(anonymous_6)
FN:77,(anonymous_7)
FNF:8
FNH:2
FNDA:2,Body
FNDA:1,(anonymous_1)
FNDA:0,(anonymous_2)
FNDA:0,(anonymous_3)
FNDA:0,(anonymous_4)
FNDA:0,(anonymous_5)
FNDA:0,(anonymous_6)
FNDA:0,(anonymous_7)
DA:9,2
DA:10,1
DA:11,1
DA:12,1
DA:13,1
DA:15,1
DA:16,1
DA:17,0
DA:22,1
DA:23,1
DA:27,0
DA:35,0
DA:36,0
DA:44,0
DA:45,0
DA:47,0
DA:59,0
DA:60,0
DA:61,0
DA:63,0
DA:64,0
DA:78,0
LF:22
LH:9
BRDA:16,0,0,0
BRDA:16,0,1,1
BRDA:22,1,0,1
BRDA:22,1,1,0
BRDA:59,2,0,0
BRDA:59,2,1,0
BRDA:83,3,0,0
BRDA:83,3,1,0
BRF:8
BRH:2
end_of_record
TN:
SF:src\Components\Contact.js
FN:1,(anonymous_0)
FNF:1
FNH:1
FNDA:4,(anonymous_0)
DA:2,4
LF:1
LH:1
BRF:0
BRH:0
end_of_record
TN:
SF:src\Components\Header.js
FN:7,Header
FN:13,(anonymous_1)
FN:39,(anonymous_2)
FNF:3
FNH:3
FNDA:3,Header
FNDA:5,(anonymous_1)
FNDA:1,(anonymous_2)
DA:9,3
DA:10,3
DA:13,5
DA:16,3
DA:39,1
LF:5
LH:5
BRDA:39,0,0,1
BRDA:39,0,1,0
BRF:2
BRH:1
end_of_record
TN:
SF:src\Components\RestaurantCard.js
FN:3,RestaurantCard
FN:24,TopRated
FN:25,(anonymous_2)
FNF:3
FNH:2
FNDA:1,RestaurantCard
FNDA:1,TopRated
FNDA:0,(anonymous_2)
DA:4,1
DA:5,1
DA:7,1
DA:25,1
DA:26,0
LF:5
LH:4
BRF:0
BRH:0
end_of_record
TN:
SF:src\Components\Shimmer.js
FN:1,ShimmerCard
FN:17,Shimmer
FNF:2
FNH:2
FNDA:10,ShimmerCard
FNDA:1,Shimmer
DA:2,10
DA:18,1
LF:2
LH:2
BRF:0
BRH:0
end_of_record
TN:
SF:src\Components\sum.js
FN:1,sum
FNF:1
FNH:1
FNDA:1,sum
DA:2,1
LF:1
LH:1
BRF:0
BRH:0
end_of_record
TN:
SF:src\Utils\UserContext.js
FNF:0
FNH:0
DA:3,1
LF:1
LH:1
BRF:0
BRH:0
end_of_record
TN:
SF:src\Utils\appStore.js
FNF:0
FNH:0
DA:5,1
LF:1
LH:1
BRF:0
BRH:0
end_of_record
TN:
SF:src\Utils\cartSlice.js
FN:10,(anonymous_0)
FN:13,(anonymous_1)
FN:16,(anonymous_2)
FNF:3
FNH:0
FNDA:0,(anonymous_0)
FNDA:0,(anonymous_1)
FNDA:0,(anonymous_2)
DA:4,1
DA:11,0
DA:14,0
DA:18,0
DA:25,1
LF:5
LH:2
BRF:0
BRH:0
end_of_record
TN:
SF:src\Utils\constant.js
FNF:0
FNH:0
DA:2,3
DA:4,3
DA:6,3
DA:10,3
LF:4
LH:4
BRF:0
BRH:0
end_of_record
TN:
SF:src\Utils\useRestaurantList.js
FN:4,useRestaurantList
FN:7,(anonymous_1)
FN:11,fetchRestaurant
FNF:3
FNH:3
FNDA:2,useRestaurantList
FNDA:1,(anonymous_1)
FNDA:1,fetchRestaurant
DA:5,2
DA:7,1
DA:8,1
DA:12,1
DA:13,1
DA:19,1
DA:21,1
DA:26,1
LF:8
LH:8
BRF:0
BRH:0
end_of_record
TN:
SF:src\Utils\useRestaurantMenu.js
FN:4,useRestaurantMenu
FN:6,(anonymous_1)
FN:10,fetchMenu
FNF:3
FNH:0
FNDA:0,useRestaurantMenu
FNDA:0,(anonymous_1)
FNDA:0,fetchMenu
DA:5,0
DA:6,0
DA:7,0
DA:11,0
DA:12,0
DA:15,0
DA:18,0
LF:7
LH:0
BRF:0
BRH:0
end_of_record
